<?xml version="1.0" encoding="UTF-8" ?>
<testsuite tests="20" failures="2" name="com.alibaba.datax.common.util.ConfigurationTest" time="0.076" errors="1" skipped="0">
  <properties>
    <property name="java.runtime.name" value="Java(TM) SE Runtime Environment"/>
    <property name="sun.boot.library.path" value="E:\Program Files\Java\jdk1.8.0_131\jre\bin"/>
    <property name="java.vm.version" value="25.131-b11"/>
    <property name="java.vm.vendor" value="Oracle Corporation"/>
    <property name="java.vendor.url" value="http://java.oracle.com/"/>
    <property name="path.separator" value=";"/>
    <property name="guice.disable.misplaced.annotation.check" value="true"/>
    <property name="java.vm.name" value="Java HotSpot(TM) 64-Bit Server VM"/>
    <property name="file.encoding.pkg" value="sun.io"/>
    <property name="user.script" value=""/>
    <property name="user.country" value="CN"/>
    <property name="sun.java.launcher" value="SUN_STANDARD"/>
    <property name="sun.os.patch.level" value=""/>
    <property name="java.vm.specification.name" value="Java Virtual Machine Specification"/>
    <property name="user.dir" value="F:\github\tools"/>
    <property name="java.runtime.version" value="1.8.0_131-b11"/>
    <property name="java.awt.graphicsenv" value="sun.awt.Win32GraphicsEnvironment"/>
    <property name="java.endorsed.dirs" value="E:\Program Files\Java\jdk1.8.0_131\jre\lib\endorsed"/>
    <property name="os.arch" value="amd64"/>
    <property name="java.io.tmpdir" value="C:\Users\admin\AppData\Local\Temp\"/>
    <property name="line.separator" value="
"/>
    <property name="java.vm.specification.vendor" value="Oracle Corporation"/>
    <property name="user.variant" value=""/>
    <property name="os.name" value="Windows 10"/>
    <property name="classworlds.conf" value="E:\datacloudWorkspace8\.metadata\.plugins\org.eclipse.m2e.launching\launches\m2conf916128861832928587.tmp"/>
    <property name="sun.jnu.encoding" value="GBK"/>
    <property name="java.library.path" value="E:\Program Files\Java\jdk1.8.0_131\bin;C:\Windows\Sun\Java\bin;C:\Windows\system32;C:\Windows;E:/Program Files/Java/jdk1.8.0_131/bin/../jre/bin/server;E:/Program Files/Java/jdk1.8.0_131/bin/../jre/bin;E:/Program Files/Java/jdk1.8.0_131/bin/../jre/lib/amd64;F:\oracle10\product\10.2.0\db_1\bin;E:\Program Files\Java\jdk1.8.0_131\bin;E:\Program Files\Java\jdk1.8.0_131\jre\bin;E:\apache-maven-3.1.0\bin;E:\jboss-as-7.1.1.Final_Rasp\bin;C:\Program Files (x86)\Intel\iCLS Client\;C:\Program Files\Intel\iCLS Client\;C:\Windows\system32;C:\Windows;C:\Windows\System32\Wbem;C:\Windows\System32\WindowsPowerShell\v1.0\;C:\Program Files (x86)\Intel\Intel(R) Management Engine Components\DAL;C:\Program Files\Intel\Intel(R) Management Engine Components\DAL;C:\Program Files (x86)\Intel\Intel(R) Management Engine Components\IPT;C:\Program Files\Intel\Intel(R) Management Engine Components\IPT;C:\Program Files (x86)\MySQL\MySQL Server 5.5\bin;E:\Python27;D:\Program Files (x86)\IBM\Rational AppScan\;D:\Program Files (x86)\MySQL\MySQL Server 5.5\bin;D:\Program Files\TortoiseSVN\bin;D:\Go\bin;D:\MinGW\bin;D:\Program Files (x86)\IDM Computer Solutions\UltraEdit;D:\Program Files\Git\cmd;D:\Program Files\Git\bin;;E:\eclipse-jee-oxygen-R-win32-x86_64\eclipse-jee-oxygen-R-win32-x86_64\eclipse;;."/>
    <property name="java.specification.name" value="Java Platform API Specification"/>
    <property name="java.class.version" value="52.0"/>
    <property name="sun.management.compiler" value="HotSpot 64-Bit Tiered Compilers"/>
    <property name="os.version" value="10.0"/>
    <property name="user.home" value="C:\Users\admin"/>
    <property name="user.timezone" value="Asia/Shanghai"/>
    <property name="java.awt.printerjob" value="sun.awt.windows.WPrinterJob"/>
    <property name="java.specification.version" value="1.8"/>
    <property name="file.encoding" value="UTF-8"/>
    <property name="user.name" value="admin"/>
    <property name="java.class.path" value="E:\apache-maven-3.1.0\boot\plexus-classworlds-2.4.2.jar"/>
    <property name="org.slf4j.simpleLogger.defaultLogLevel" value="info"/>
    <property name="java.vm.specification.version" value="1.8"/>
    <property name="sun.arch.data.model" value="64"/>
    <property name="java.home" value="E:\Program Files\Java\jdk1.8.0_131\jre"/>
    <property name="sun.java.command" value="org.codehaus.plexus.classworlds.launcher.Launcher -B -gs E:\apache-maven-3.3.3\conf\settings.xml -s E:\apache-maven-3.3.3\conf\settings.xml package"/>
    <property name="java.specification.vendor" value="Oracle Corporation"/>
    <property name="user.language" value="zh"/>
    <property name="awt.toolkit" value="sun.awt.windows.WToolkit"/>
    <property name="java.vm.info" value="mixed mode"/>
    <property name="java.version" value="1.8.0_131"/>
    <property name="java.ext.dirs" value="E:\Program Files\Java\jdk1.8.0_131\jre\lib\ext;C:\Windows\Sun\Java\lib\ext"/>
    <property name="sun.boot.class.path" value="E:\Program Files\Java\jdk1.8.0_131\jre\lib\resources.jar;E:\Program Files\Java\jdk1.8.0_131\jre\lib\rt.jar;E:\Program Files\Java\jdk1.8.0_131\jre\lib\sunrsasign.jar;E:\Program Files\Java\jdk1.8.0_131\jre\lib\jsse.jar;E:\Program Files\Java\jdk1.8.0_131\jre\lib\jce.jar;E:\Program Files\Java\jdk1.8.0_131\jre\lib\charsets.jar;E:\Program Files\Java\jdk1.8.0_131\jre\lib\jfr.jar;E:\Program Files\Java\jdk1.8.0_131\jre\classes"/>
    <property name="java.vendor" value="Oracle Corporation"/>
    <property name="maven.home" value="E:\apache-maven-3.1.0"/>
    <property name="file.separator" value="\"/>
    <property name="java.vendor.url.bug" value="http://bugreport.sun.com/bugreport/"/>
    <property name="sun.cpu.endian" value="little"/>
    <property name="sun.io.unicode.encoding" value="UnicodeLittle"/>
    <property name="sun.desktop" value="windows"/>
    <property name="sun.cpu.isalist" value="amd64"/>
  </properties>
  <testcase classname="com.alibaba.datax.common.util.ConfigurationTest" name="test_buildObject" time="0"/>
  <testcase classname="com.alibaba.datax.common.util.ConfigurationTest" name="test_unescape" time="0"/>
  <testcase classname="com.alibaba.datax.common.util.ConfigurationTest" name="test_getKeys" time="0.007">
    <failure type="java.lang.AssertionError">java.lang.AssertionError
	at org.junit.Assert.fail(Assert.java:86)
	at org.junit.Assert.assertTrue(Assert.java:41)
	at org.junit.Assert.assertTrue(Assert.java:52)
	at com.alibaba.datax.common.util.ConfigurationTest.test_getKeys(ConfigurationTest.java:463)
	at sun.reflect.NativeMethodAccessorImpl.invoke0(Native Method)
	at sun.reflect.NativeMethodAccessorImpl.invoke(NativeMethodAccessorImpl.java:62)
	at sun.reflect.DelegatingMethodAccessorImpl.invoke(DelegatingMethodAccessorImpl.java:43)
	at java.lang.reflect.Method.invoke(Method.java:498)
	at org.junit.runners.model.FrameworkMethod$1.runReflectiveCall(FrameworkMethod.java:50)
	at org.junit.internal.runners.model.ReflectiveCallable.run(ReflectiveCallable.java:12)
	at org.junit.runners.model.FrameworkMethod.invokeExplosively(FrameworkMethod.java:47)
	at org.junit.internal.runners.statements.InvokeMethod.evaluate(InvokeMethod.java:17)
	at org.junit.rules.ExpectedException$ExpectedExceptionStatement.evaluate(ExpectedException.java:239)
	at org.junit.rules.RunRules.evaluate(RunRules.java:20)
	at org.junit.runners.ParentRunner.runLeaf(ParentRunner.java:325)
	at org.junit.runners.BlockJUnit4ClassRunner.runChild(BlockJUnit4ClassRunner.java:78)
	at org.junit.runners.BlockJUnit4ClassRunner.runChild(BlockJUnit4ClassRunner.java:57)
	at org.junit.runners.ParentRunner$3.run(ParentRunner.java:290)
	at org.junit.runners.ParentRunner$1.schedule(ParentRunner.java:71)
	at org.junit.runners.ParentRunner.runChildren(ParentRunner.java:288)
	at org.junit.runners.ParentRunner.access$000(ParentRunner.java:58)
	at org.junit.runners.ParentRunner$2.evaluate(ParentRunner.java:268)
	at org.junit.runners.ParentRunner.run(ParentRunner.java:363)
	at org.apache.maven.surefire.junit4.JUnit4Provider.execute(JUnit4Provider.java:252)
	at org.apache.maven.surefire.junit4.JUnit4Provider.executeTestSet(JUnit4Provider.java:141)
	at org.apache.maven.surefire.junit4.JUnit4Provider.invoke(JUnit4Provider.java:112)
	at sun.reflect.NativeMethodAccessorImpl.invoke0(Native Method)
	at sun.reflect.NativeMethodAccessorImpl.invoke(NativeMethodAccessorImpl.java:62)
	at sun.reflect.DelegatingMethodAccessorImpl.invoke(DelegatingMethodAccessorImpl.java:43)
	at java.lang.reflect.Method.invoke(Method.java:498)
	at org.apache.maven.surefire.util.ReflectionUtils.invokeMethodWithArray(ReflectionUtils.java:189)
	at org.apache.maven.surefire.booter.ProviderFactory$ProviderProxy.invoke(ProviderFactory.java:165)
	at org.apache.maven.surefire.booter.ProviderFactory.invokeProvider(ProviderFactory.java:85)
	at org.apache.maven.surefire.booter.ForkedBooter.runSuitesInProcess(ForkedBooter.java:115)
	at org.apache.maven.surefire.booter.ForkedBooter.main(ForkedBooter.java:75)
</failure>
    <system-out>[]
[]
[&quot;[0]&quot;]
[&quot;[1]&quot;,&quot;[0]&quot;]
[&quot;[0][0][0]&quot;]
[&quot;a.b.B&quot;,&quot;a.A&quot;,&quot;a.b.c[0]&quot;]
</system-out>
  </testcase>
  <testcase classname="com.alibaba.datax.common.util.ConfigurationTest" name="test_list" time="0"/>
  <testcase classname="com.alibaba.datax.common.util.ConfigurationTest" name="test_type" time="0"/>
  <testcase classname="com.alibaba.datax.common.util.ConfigurationTest" name="test_get" time="0.002"/>
  <testcase classname="com.alibaba.datax.common.util.ConfigurationTest" name="test_set" time="0.011"/>
  <testcase classname="com.alibaba.datax.common.util.ConfigurationTest" name="test_secretKey" time="0"/>
  <testcase classname="com.alibaba.datax.common.util.ConfigurationTest" name="test_serialize" time="0"/>
  <testcase classname="com.alibaba.datax.common.util.ConfigurationTest" name="test_remove" time="0"/>
  <testcase classname="com.alibaba.datax.common.util.ConfigurationTest" name="test_setObjectRecursive" time="0.005"/>
  <testcase classname="com.alibaba.datax.common.util.ConfigurationTest" name="test" time="0.011"/>
  <testcase classname="com.alibaba.datax.common.util.ConfigurationTest" name="test_getNecessaryValue" time="0"/>
  <testcase classname="com.alibaba.datax.common.util.ConfigurationTest" name="test_beautify" time="0"/>
  <testcase classname="com.alibaba.datax.common.util.ConfigurationTest" name="test_get_list" time="0.035">
    <error message="org.hamcrest.Matcher.describeMismatch(Ljava/lang/Object;Lorg/hamcrest/Description;)V" type="java.lang.NoSuchMethodError">java.lang.NoSuchMethodError: org.hamcrest.Matcher.describeMismatch(Ljava/lang/Object;Lorg/hamcrest/Description;)V
	at org.hamcrest.MatcherAssert.assertThat(MatcherAssert.java:18)
	at org.junit.Assert.assertThat(Assert.java:956)
	at org.junit.Assert.assertThat(Assert.java:923)
	at org.junit.rules.ExpectedException.handleException(ExpectedException.java:252)
	at org.junit.rules.ExpectedException.access$000(ExpectedException.java:106)
	at org.junit.rules.ExpectedException$ExpectedExceptionStatement.evaluate(ExpectedException.java:241)
	at org.junit.rules.RunRules.evaluate(RunRules.java:20)
	at org.junit.runners.ParentRunner.runLeaf(ParentRunner.java:325)
	at org.junit.runners.BlockJUnit4ClassRunner.runChild(BlockJUnit4ClassRunner.java:78)
	at org.junit.runners.BlockJUnit4ClassRunner.runChild(BlockJUnit4ClassRunner.java:57)
	at org.junit.runners.ParentRunner$3.run(ParentRunner.java:290)
	at org.junit.runners.ParentRunner$1.schedule(ParentRunner.java:71)
	at org.junit.runners.ParentRunner.runChildren(ParentRunner.java:288)
	at org.junit.runners.ParentRunner.access$000(ParentRunner.java:58)
	at org.junit.runners.ParentRunner$2.evaluate(ParentRunner.java:268)
	at org.junit.runners.ParentRunner.run(ParentRunner.java:363)
	at org.apache.maven.surefire.junit4.JUnit4Provider.execute(JUnit4Provider.java:252)
	at org.apache.maven.surefire.junit4.JUnit4Provider.executeTestSet(JUnit4Provider.java:141)
	at org.apache.maven.surefire.junit4.JUnit4Provider.invoke(JUnit4Provider.java:112)
	at sun.reflect.NativeMethodAccessorImpl.invoke0(Native Method)
	at sun.reflect.NativeMethodAccessorImpl.invoke(NativeMethodAccessorImpl.java:62)
	at sun.reflect.DelegatingMethodAccessorImpl.invoke(DelegatingMethodAccessorImpl.java:43)
	at java.lang.reflect.Method.invoke(Method.java:498)
	at org.apache.maven.surefire.util.ReflectionUtils.invokeMethodWithArray(ReflectionUtils.java:189)
	at org.apache.maven.surefire.booter.ProviderFactory$ProviderProxy.invoke(ProviderFactory.java:165)
	at org.apache.maven.surefire.booter.ProviderFactory.invokeProvider(ProviderFactory.java:85)
	at org.apache.maven.surefire.booter.ForkedBooter.runSuitesInProcess(ForkedBooter.java:115)
	at org.apache.maven.surefire.booter.ForkedBooter.main(ForkedBooter.java:75)
</error>
    <system-out>{&quot;errorLimit&quot;:{},&quot;speed&quot;:{&quot;byte&quot;:104857600}}
</system-out>
  </testcase>
  <testcase classname="com.alibaba.datax.common.util.ConfigurationTest" name="test_getNecessaryValue2" time="0"/>
  <testcase classname="com.alibaba.datax.common.util.ConfigurationTest" name="test_getNecessaryValue3" time="0"/>
  <testcase classname="com.alibaba.datax.common.util.ConfigurationTest" name="test_setConfiguration" time="0"/>
  <testcase classname="com.alibaba.datax.common.util.ConfigurationTest" name="test_variable" time="0.001"/>
  <testcase classname="com.alibaba.datax.common.util.ConfigurationTest" name="test_merge" time="0.004">
    <failure type="java.lang.AssertionErrornull">java.lang.AssertionErrornull	at org.junit.Assert.fail(Assert.java:86)null	at org.junit.Assert.assertTrue(Assert.java:41)null	at org.junit.Assert.assertTrue(Assert.java:52)null	at com.alibaba.datax.common.util.ConfigurationTest.test_merge(ConfigurationTest.java:516)null	at sun.reflect.NativeMethodAccessorImpl.invoke0(Native Method)null	at sun.reflect.NativeMethodAccessorImpl.invoke(NativeMethodAccessorImpl.java:62)null	at sun.reflect.DelegatingMethodAccessorImpl.invoke(DelegatingMethodAccessorImpl.java:43)null	at java.lang.reflect.Method.invoke(Method.java:498)null	at org.junit.runners.model.FrameworkMethod$1.runReflectiveCall(FrameworkMethod.java:50)null	at org.junit.internal.runners.model.ReflectiveCallable.run(ReflectiveCallable.java:12)null	at org.junit.runners.model.FrameworkMethod.invokeExplosively(FrameworkMethod.java:47)null	at org.junit.internal.runners.statements.InvokeMethod.evaluate(InvokeMethod.java:17)null	at org.junit.rules.ExpectedException$ExpectedExceptionStatement.evaluate(ExpectedException.java:239)null	at org.junit.rules.RunRules.evaluate(RunRules.java:20)null	at org.junit.runners.ParentRunner.runLeaf(ParentRunner.java:325)null	at org.junit.runners.BlockJUnit4ClassRunner.runChild(BlockJUnit4ClassRunner.java:78)null	at org.junit.runners.BlockJUnit4ClassRunner.runChild(BlockJUnit4ClassRunner.java:57)null	at org.junit.runners.ParentRunner$3.run(ParentRunner.java:290)null	at org.junit.runners.ParentRunner$1.schedule(ParentRunner.java:71)null	at org.junit.runners.ParentRunner.runChildren(ParentRunner.java:288)null	at org.junit.runners.ParentRunner.access$000(ParentRunner.java:58)null	at org.junit.runners.ParentRunner$2.evaluate(ParentRunner.java:268)null	at org.junit.runners.ParentRunner.run(ParentRunner.java:363)null	at org.apache.maven.surefire.junit4.JUnit4Provider.execute(JUnit4Provider.java:252)null	at org.apache.maven.surefire.junit4.JUnit4Provider.executeTestSet(JUnit4Provider.java:141)null	at org.apache.maven.surefire.junit4.JUnit4Provider.invoke(JUnit4Provider.java:112)null	at sun.reflect.NativeMethodAccessorImpl.invoke0(Native Method)null	at sun.reflect.NativeMethodAccessorImpl.invoke(NativeMethodAccessorImpl.java:62)null	at sun.reflect.DelegatingMethodAccessorImpl.invoke(DelegatingMethodAccessorImpl.java:43)null	at java.lang.reflect.Method.invoke(Method.java:498)null	at org.apache.maven.surefire.util.ReflectionUtils.invokeMethodWithArray(ReflectionUtils.java:189)null	at org.apache.maven.surefire.booter.ProviderFactory$ProviderProxy.invoke(ProviderFactory.java:165)null	at org.apache.maven.surefire.booter.ProviderFactory.invokeProvider(ProviderFactory.java:85)null	at org.apache.maven.surefire.booter.ForkedBooter.runSuitesInProcess(ForkedBooter.java:115)null	at org.apache.maven.surefire.booter.ForkedBooter.main(ForkedBooter.java:75)null</failure>
    <system-out>[1,2]
[1,2]
{&quot;1&quot;:2}
{&quot;1&quot;:2}
{&quot;1&quot;:&quot;2&quot;}
{&quot;1&quot;:&quot;2&quot;}
{&quot;a&quot;:{&quot;A&quot;:&quot;A&quot;,&quot;b&quot;:{&quot;B&quot;:&quot;B&quot;,&quot;c&quot;:[&quot;bazhen&quot;]}}}
{&quot;a&quot;:{&quot;A&quot;:&quot;A&quot;,&quot;b&quot;:{&quot;B&quot;:&quot;B&quot;,&quot;c&quot;:[0],&quot;C&quot;:&quot;C&quot;}}}
</system-out>
  </testcase>
</testsuite>